<?xml version="1.0" encoding="UTF-8"?>
<testsuite xmlns:xsi="http://www.w3.org/2001/XMLSchema-instance" xsi:noNamespaceSchemaLocation="https://maven.apache.org/surefire/maven-surefire-plugin/xsd/surefire-test-report.xsd" name="TestSuite" time="2,298.68" tests="7" errors="0" skipped="6" failures="1">
  <properties>
    <property name="java.specification.version" value="17"/>
    <property name="sun.cpu.isalist" value="amd64"/>
    <property name="sun.jnu.encoding" value="Cp1252"/>
    <property name="java.class.path" value="C:\CWA-Windows-Automation\target\test-classes;C:\CWA-Windows-Automation\target\classes;C:\Users\administrator.VBWR3\.m2\repository\io\appium\java-client\7.5.1\java-client-7.5.1.jar;C:\Users\administrator.VBWR3\.m2\repository\org\seleniumhq\selenium\selenium-support\3.141.59\selenium-support-3.141.59.jar;C:\Users\administrator.VBWR3\.m2\repository\org\seleniumhq\selenium\selenium-api\3.141.59\selenium-api-3.141.59.jar;C:\Users\administrator.VBWR3\.m2\repository\com\google\code\gson\gson\2.8.6\gson-2.8.6.jar;C:\Users\administrator.VBWR3\.m2\repository\org\apache\httpcomponents\httpclient\4.5.13\httpclient-4.5.13.jar;C:\Users\administrator.VBWR3\.m2\repository\org\apache\httpcomponents\httpcore\4.4.13\httpcore-4.4.13.jar;C:\Users\administrator.VBWR3\.m2\repository\commons-logging\commons-logging\1.2\commons-logging-1.2.jar;C:\Users\administrator.VBWR3\.m2\repository\commons-codec\commons-codec\1.11\commons-codec-1.11.jar;C:\Users\administrator.VBWR3\.m2\repository\cglib\cglib\3.3.0\cglib-3.3.0.jar;C:\Users\administrator.VBWR3\.m2\repository\org\ow2\asm\asm\7.1\asm-7.1.jar;C:\Users\administrator.VBWR3\.m2\repository\commons-validator\commons-validator\1.7\commons-validator-1.7.jar;C:\Users\administrator.VBWR3\.m2\repository\commons-beanutils\commons-beanutils\1.9.4\commons-beanutils-1.9.4.jar;C:\Users\administrator.VBWR3\.m2\repository\commons-digester\commons-digester\2.1\commons-digester-2.1.jar;C:\Users\administrator.VBWR3\.m2\repository\commons-collections\commons-collections\3.2.2\commons-collections-3.2.2.jar;C:\Users\administrator.VBWR3\.m2\repository\org\apache\commons\commons-lang3\3.12.0\commons-lang3-3.12.0.jar;C:\Users\administrator.VBWR3\.m2\repository\commons-io\commons-io\2.8.0\commons-io-2.8.0.jar;C:\Users\administrator.VBWR3\.m2\repository\org\springframework\spring-context\5.3.4\spring-context-5.3.4.jar;C:\Users\administrator.VBWR3\.m2\repository\org\springframework\spring-aop\5.3.4\spring-aop-5.3.4.jar;C:\Users\administrator.VBWR3\.m2\repository\org\springframework\spring-beans\5.3.4\spring-beans-5.3.4.jar;C:\Users\administrator.VBWR3\.m2\repository\org\springframework\spring-core\5.3.4\spring-core-5.3.4.jar;C:\Users\administrator.VBWR3\.m2\repository\org\springframework\spring-jcl\5.3.4\spring-jcl-5.3.4.jar;C:\Users\administrator.VBWR3\.m2\repository\org\springframework\spring-expression\5.3.4\spring-expression-5.3.4.jar;C:\Users\administrator.VBWR3\.m2\repository\org\aspectj\aspectjweaver\1.9.6\aspectjweaver-1.9.6.jar;C:\Users\administrator.VBWR3\.m2\repository\org\slf4j\slf4j-api\1.7.30\slf4j-api-1.7.30.jar;C:\Users\administrator.VBWR3\.m2\repository\org\testng\testng\7.4.0\testng-7.4.0.jar;C:\Users\administrator.VBWR3\.m2\repository\com\beust\jcommander\1.78\jcommander-1.78.jar;C:\Users\administrator.VBWR3\.m2\repository\org\webjars\jquery\3.5.1\jquery-3.5.1.jar;C:\Users\administrator.VBWR3\.m2\repository\org\seleniumhq\selenium\selenium-java\3.141.59\selenium-java-3.141.59.jar;C:\Users\administrator.VBWR3\.m2\repository\org\seleniumhq\selenium\selenium-chrome-driver\3.141.59\selenium-chrome-driver-3.141.59.jar;C:\Users\administrator.VBWR3\.m2\repository\org\seleniumhq\selenium\selenium-edge-driver\3.141.59\selenium-edge-driver-3.141.59.jar;C:\Users\administrator.VBWR3\.m2\repository\org\seleniumhq\selenium\selenium-firefox-driver\3.141.59\selenium-firefox-driver-3.141.59.jar;C:\Users\administrator.VBWR3\.m2\repository\org\seleniumhq\selenium\selenium-ie-driver\3.141.59\selenium-ie-driver-3.141.59.jar;C:\Users\administrator.VBWR3\.m2\repository\org\seleniumhq\selenium\selenium-opera-driver\3.141.59\selenium-opera-driver-3.141.59.jar;C:\Users\administrator.VBWR3\.m2\repository\org\seleniumhq\selenium\selenium-remote-driver\3.141.59\selenium-remote-driver-3.141.59.jar;C:\Users\administrator.VBWR3\.m2\repository\org\seleniumhq\selenium\selenium-safari-driver\3.141.59\selenium-safari-driver-3.141.59.jar;C:\Users\administrator.VBWR3\.m2\repository\net\bytebuddy\byte-buddy\1.8.15\byte-buddy-1.8.15.jar;C:\Users\administrator.VBWR3\.m2\repository\org\apache\commons\commons-exec\1.3\commons-exec-1.3.jar;C:\Users\administrator.VBWR3\.m2\repository\com\google\guava\guava\25.0-jre\guava-25.0-jre.jar;C:\Users\administrator.VBWR3\.m2\repository\com\google\code\findbugs\jsr305\1.3.9\jsr305-1.3.9.jar;C:\Users\administrator.VBWR3\.m2\repository\org\checkerframework\checker-compat-qual\2.0.0\checker-compat-qual-2.0.0.jar;C:\Users\administrator.VBWR3\.m2\repository\com\google\errorprone\error_prone_annotations\2.1.3\error_prone_annotations-2.1.3.jar;C:\Users\administrator.VBWR3\.m2\repository\com\google\j2objc\j2objc-annotations\1.1\j2objc-annotations-1.1.jar;C:\Users\administrator.VBWR3\.m2\repository\org\codehaus\mojo\animal-sniffer-annotations\1.14\animal-sniffer-annotations-1.14.jar;C:\Users\administrator.VBWR3\.m2\repository\com\squareup\okhttp3\okhttp\3.11.0\okhttp-3.11.0.jar;C:\Users\administrator.VBWR3\.m2\repository\com\squareup\okio\okio\1.14.0\okio-1.14.0.jar;C:\Users\administrator.VBWR3\.m2\repository\com\github\stephenc\monte\monte-screen-recorder\0.7.7.0\monte-screen-recorder-0.7.7.0.jar;C:\Users\administrator.VBWR3\.m2\repository\io\github\bonigarcia\webdrivermanager\5.0.3\webdrivermanager-5.0.3.jar;C:\Users\administrator.VBWR3\.m2\repository\org\jsoup\jsoup\1.14.2\jsoup-1.14.2.jar;C:\Users\administrator.VBWR3\.m2\repository\com\github\docker-java\docker-java\3.2.12\docker-java-3.2.12.jar;C:\Users\administrator.VBWR3\.m2\repository\com\github\docker-java\docker-java-core\3.2.12\docker-java-core-3.2.12.jar;C:\Users\administrator.VBWR3\.m2\repository\com\github\docker-java\docker-java-api\3.2.12\docker-java-api-3.2.12.jar;C:\Users\administrator.VBWR3\.m2\repository\com\fasterxml\jackson\core\jackson-annotations\2.10.3\jackson-annotations-2.10.3.jar;C:\Users\administrator.VBWR3\.m2\repository\org\apache\commons\commons-compress\1.21\commons-compress-1.21.jar;C:\Users\administrator.VBWR3\.m2\repository\commons-lang\commons-lang\2.6\commons-lang-2.6.jar;C:\Users\administrator.VBWR3\.m2\repository\com\fasterxml\jackson\core\jackson-databind\2.10.3\jackson-databind-2.10.3.jar;C:\Users\administrator.VBWR3\.m2\repository\com\fasterxml\jackson\core\jackson-core\2.10.3\jackson-core-2.10.3.jar;C:\Users\administrator.VBWR3\.m2\repository\org\bouncycastle\bcpkix-jdk15on\1.64\bcpkix-jdk15on-1.64.jar;C:\Users\administrator.VBWR3\.m2\repository\org\bouncycastle\bcprov-jdk15on\1.64\bcprov-jdk15on-1.64.jar;C:\Users\administrator.VBWR3\.m2\repository\org\slf4j\jcl-over-slf4j\1.7.30\jcl-over-slf4j-1.7.30.jar;C:\Users\administrator.VBWR3\.m2\repository\com\github\docker-java\docker-java-transport-httpclient5\3.2.12\docker-java-transport-httpclient5-3.2.12.jar;C:\Users\administrator.VBWR3\.m2\repository\com\github\docker-java\docker-java-transport\3.2.12\docker-java-transport-3.2.12.jar;C:\Users\administrator.VBWR3\.m2\repository\org\apache\httpcomponents\client5\httpclient5\5.0.3\httpclient5-5.0.3.jar;C:\Users\administrator.VBWR3\.m2\repository\org\apache\httpcomponents\core5\httpcore5\5.0.2\httpcore5-5.0.2.jar;C:\Users\administrator.VBWR3\.m2\repository\net\java\dev\jna\jna\5.8.0\jna-5.8.0.jar;C:\Users\administrator.VBWR3\.m2\repository\org\brotli\dec\0.1.2\dec-0.1.2.jar;C:\Users\administrator.VBWR3\.m2\repository\junit\junit\4.13.2\junit-4.13.2.jar;C:\Users\administrator.VBWR3\.m2\repository\org\hamcrest\hamcrest-core\1.3\hamcrest-core-1.3.jar;C:\Users\administrator.VBWR3\.m2\repository\de\openkeyword\autoit\0.2.44\autoit-0.2.44.jar;C:\Users\administrator.VBWR3\.m2\repository\net\sf\jacob-project\jacob\1.14.3\jacob-1.14.3.jar;C:\Users\administrator.VBWR3\.m2\repository\org\apache\commons\commons-text\1.9\commons-text-1.9.jar;C:\Users\administrator.VBWR3\.m2\repository\org\antlr\antlr4-runtime\4.8\antlr4-runtime-4.8.jar;C:\Users\administrator.VBWR3\.m2\repository\org\antlr\ST4\4.3\ST4-4.3.jar;C:\Users\administrator.VBWR3\.m2\repository\org\antlr\antlr-runtime\3.5.2\antlr-runtime-3.5.2.jar;C:\Users\administrator.VBWR3\.m2\repository\org\junit\jupiter\junit-jupiter-engine\5.6.2\junit-jupiter-engine-5.6.2.jar;C:\Users\administrator.VBWR3\.m2\repository\org\apiguardian\apiguardian-api\1.1.0\apiguardian-api-1.1.0.jar;C:\Users\administrator.VBWR3\.m2\repository\org\junit\platform\junit-platform-engine\1.6.2\junit-platform-engine-1.6.2.jar;C:\Users\administrator.VBWR3\.m2\repository\org\opentest4j\opentest4j\1.2.0\opentest4j-1.2.0.jar;C:\Users\administrator.VBWR3\.m2\repository\org\junit\platform\junit-platform-commons\1.6.2\junit-platform-commons-1.6.2.jar;C:\Users\administrator.VBWR3\.m2\repository\org\junit\jupiter\junit-jupiter-api\5.6.2\junit-jupiter-api-5.6.2.jar;C:\Users\administrator.VBWR3\.m2\repository\com\sun\xml\bind\jaxb-core\3.0.0-M4\jaxb-core-3.0.0-M4.jar;C:\Users\administrator.VBWR3\.m2\repository\jakarta\xml\bind\jakarta.xml.bind-api\3.0.0-RC3\jakarta.xml.bind-api-3.0.0-RC3.jar;C:\Users\administrator.VBWR3\.m2\repository\com\sun\activation\jakarta.activation\2.0.0-RC3\jakarta.activation-2.0.0-RC3.jar;C:\Users\administrator.VBWR3\.m2\repository\javax\xml\bind\jaxb-api\2.3.1\jaxb-api-2.3.1.jar;C:\Users\administrator.VBWR3\.m2\repository\javax\activation\javax.activation-api\1.2.0\javax.activation-api-1.2.0.jar;C:\Users\administrator.VBWR3\.m2\repository\com\sun\xml\bind\jaxb-impl\3.0.0-M4\jaxb-impl-3.0.0-M4.jar;C:\Users\administrator.VBWR3\.m2\repository\com\sun\xml\bind\jaxb-jxc\3.0.0-M4\jaxb-jxc-3.0.0-M4.jar;C:\Users\administrator.VBWR3\.m2\repository\com\sun\xml\bind\jaxb-xjc\3.0.0-M4\jaxb-xjc-3.0.0-M4.jar;"/>
    <property name="java.vm.vendor" value="Oracle Corporation"/>
    <property name="sun.arch.data.model" value="64"/>
    <property name="user.variant" value=""/>
    <property name="java.vendor.url" value="https://java.oracle.com/"/>
    <property name="user.timezone" value="Asia/Singapore"/>
    <property name="os.name" value="Windows 10"/>
    <property name="java.vm.specification.version" value="17"/>
    <property name="sun.java.launcher" value="SUN_STANDARD"/>
    <property name="user.country" value="US"/>
    <property name="sun.boot.library.path" value="C:\Program Files\Java\jdk-17\bin"/>
    <property name="sun.java.command" value="C:\Users\ADMINI~1.VBW\AppData\Local\Temp\surefire10825695396744080367\surefirebooter11700431026195625428.jar C:\Users\administrator.VBWR3\AppData\Local\Temp\surefire10825695396744080367 2022-06-25T16-07-31_107-jvmRun1 surefire2048584870042040001tmp surefire_01993707817463168514tmp"/>
    <property name="jdk.debug" value="release"/>
    <property name="surefire.test.class.path" value="C:\CWA-Windows-Automation\target\test-classes;C:\CWA-Windows-Automation\target\classes;C:\Users\administrator.VBWR3\.m2\repository\io\appium\java-client\7.5.1\java-client-7.5.1.jar;C:\Users\administrator.VBWR3\.m2\repository\org\seleniumhq\selenium\selenium-support\3.141.59\selenium-support-3.141.59.jar;C:\Users\administrator.VBWR3\.m2\repository\org\seleniumhq\selenium\selenium-api\3.141.59\selenium-api-3.141.59.jar;C:\Users\administrator.VBWR3\.m2\repository\com\google\code\gson\gson\2.8.6\gson-2.8.6.jar;C:\Users\administrator.VBWR3\.m2\repository\org\apache\httpcomponents\httpclient\4.5.13\httpclient-4.5.13.jar;C:\Users\administrator.VBWR3\.m2\repository\org\apache\httpcomponents\httpcore\4.4.13\httpcore-4.4.13.jar;C:\Users\administrator.VBWR3\.m2\repository\commons-logging\commons-logging\1.2\commons-logging-1.2.jar;C:\Users\administrator.VBWR3\.m2\repository\commons-codec\commons-codec\1.11\commons-codec-1.11.jar;C:\Users\administrator.VBWR3\.m2\repository\cglib\cglib\3.3.0\cglib-3.3.0.jar;C:\Users\administrator.VBWR3\.m2\repository\org\ow2\asm\asm\7.1\asm-7.1.jar;C:\Users\administrator.VBWR3\.m2\repository\commons-validator\commons-validator\1.7\commons-validator-1.7.jar;C:\Users\administrator.VBWR3\.m2\repository\commons-beanutils\commons-beanutils\1.9.4\commons-beanutils-1.9.4.jar;C:\Users\administrator.VBWR3\.m2\repository\commons-digester\commons-digester\2.1\commons-digester-2.1.jar;C:\Users\administrator.VBWR3\.m2\repository\commons-collections\commons-collections\3.2.2\commons-collections-3.2.2.jar;C:\Users\administrator.VBWR3\.m2\repository\org\apache\commons\commons-lang3\3.12.0\commons-lang3-3.12.0.jar;C:\Users\administrator.VBWR3\.m2\repository\commons-io\commons-io\2.8.0\commons-io-2.8.0.jar;C:\Users\administrator.VBWR3\.m2\repository\org\springframework\spring-context\5.3.4\spring-context-5.3.4.jar;C:\Users\administrator.VBWR3\.m2\repository\org\springframework\spring-aop\5.3.4\spring-aop-5.3.4.jar;C:\Users\administrator.VBWR3\.m2\repository\org\springframework\spring-beans\5.3.4\spring-beans-5.3.4.jar;C:\Users\administrator.VBWR3\.m2\repository\org\springframework\spring-core\5.3.4\spring-core-5.3.4.jar;C:\Users\administrator.VBWR3\.m2\repository\org\springframework\spring-jcl\5.3.4\spring-jcl-5.3.4.jar;C:\Users\administrator.VBWR3\.m2\repository\org\springframework\spring-expression\5.3.4\spring-expression-5.3.4.jar;C:\Users\administrator.VBWR3\.m2\repository\org\aspectj\aspectjweaver\1.9.6\aspectjweaver-1.9.6.jar;C:\Users\administrator.VBWR3\.m2\repository\org\slf4j\slf4j-api\1.7.30\slf4j-api-1.7.30.jar;C:\Users\administrator.VBWR3\.m2\repository\org\testng\testng\7.4.0\testng-7.4.0.jar;C:\Users\administrator.VBWR3\.m2\repository\com\beust\jcommander\1.78\jcommander-1.78.jar;C:\Users\administrator.VBWR3\.m2\repository\org\webjars\jquery\3.5.1\jquery-3.5.1.jar;C:\Users\administrator.VBWR3\.m2\repository\org\seleniumhq\selenium\selenium-java\3.141.59\selenium-java-3.141.59.jar;C:\Users\administrator.VBWR3\.m2\repository\org\seleniumhq\selenium\selenium-chrome-driver\3.141.59\selenium-chrome-driver-3.141.59.jar;C:\Users\administrator.VBWR3\.m2\repository\org\seleniumhq\selenium\selenium-edge-driver\3.141.59\selenium-edge-driver-3.141.59.jar;C:\Users\administrator.VBWR3\.m2\repository\org\seleniumhq\selenium\selenium-firefox-driver\3.141.59\selenium-firefox-driver-3.141.59.jar;C:\Users\administrator.VBWR3\.m2\repository\org\seleniumhq\selenium\selenium-ie-driver\3.141.59\selenium-ie-driver-3.141.59.jar;C:\Users\administrator.VBWR3\.m2\repository\org\seleniumhq\selenium\selenium-opera-driver\3.141.59\selenium-opera-driver-3.141.59.jar;C:\Users\administrator.VBWR3\.m2\repository\org\seleniumhq\selenium\selenium-remote-driver\3.141.59\selenium-remote-driver-3.141.59.jar;C:\Users\administrator.VBWR3\.m2\repository\org\seleniumhq\selenium\selenium-safari-driver\3.141.59\selenium-safari-driver-3.141.59.jar;C:\Users\administrator.VBWR3\.m2\repository\net\bytebuddy\byte-buddy\1.8.15\byte-buddy-1.8.15.jar;C:\Users\administrator.VBWR3\.m2\repository\org\apache\commons\commons-exec\1.3\commons-exec-1.3.jar;C:\Users\administrator.VBWR3\.m2\repository\com\google\guava\guava\25.0-jre\guava-25.0-jre.jar;C:\Users\administrator.VBWR3\.m2\repository\com\google\code\findbugs\jsr305\1.3.9\jsr305-1.3.9.jar;C:\Users\administrator.VBWR3\.m2\repository\org\checkerframework\checker-compat-qual\2.0.0\checker-compat-qual-2.0.0.jar;C:\Users\administrator.VBWR3\.m2\repository\com\google\errorprone\error_prone_annotations\2.1.3\error_prone_annotations-2.1.3.jar;C:\Users\administrator.VBWR3\.m2\repository\com\google\j2objc\j2objc-annotations\1.1\j2objc-annotations-1.1.jar;C:\Users\administrator.VBWR3\.m2\repository\org\codehaus\mojo\animal-sniffer-annotations\1.14\animal-sniffer-annotations-1.14.jar;C:\Users\administrator.VBWR3\.m2\repository\com\squareup\okhttp3\okhttp\3.11.0\okhttp-3.11.0.jar;C:\Users\administrator.VBWR3\.m2\repository\com\squareup\okio\okio\1.14.0\okio-1.14.0.jar;C:\Users\administrator.VBWR3\.m2\repository\com\github\stephenc\monte\monte-screen-recorder\0.7.7.0\monte-screen-recorder-0.7.7.0.jar;C:\Users\administrator.VBWR3\.m2\repository\io\github\bonigarcia\webdrivermanager\5.0.3\webdrivermanager-5.0.3.jar;C:\Users\administrator.VBWR3\.m2\repository\org\jsoup\jsoup\1.14.2\jsoup-1.14.2.jar;C:\Users\administrator.VBWR3\.m2\repository\com\github\docker-java\docker-java\3.2.12\docker-java-3.2.12.jar;C:\Users\administrator.VBWR3\.m2\repository\com\github\docker-java\docker-java-core\3.2.12\docker-java-core-3.2.12.jar;C:\Users\administrator.VBWR3\.m2\repository\com\github\docker-java\docker-java-api\3.2.12\docker-java-api-3.2.12.jar;C:\Users\administrator.VBWR3\.m2\repository\com\fasterxml\jackson\core\jackson-annotations\2.10.3\jackson-annotations-2.10.3.jar;C:\Users\administrator.VBWR3\.m2\repository\org\apache\commons\commons-compress\1.21\commons-compress-1.21.jar;C:\Users\administrator.VBWR3\.m2\repository\commons-lang\commons-lang\2.6\commons-lang-2.6.jar;C:\Users\administrator.VBWR3\.m2\repository\com\fasterxml\jackson\core\jackson-databind\2.10.3\jackson-databind-2.10.3.jar;C:\Users\administrator.VBWR3\.m2\repository\com\fasterxml\jackson\core\jackson-core\2.10.3\jackson-core-2.10.3.jar;C:\Users\administrator.VBWR3\.m2\repository\org\bouncycastle\bcpkix-jdk15on\1.64\bcpkix-jdk15on-1.64.jar;C:\Users\administrator.VBWR3\.m2\repository\org\bouncycastle\bcprov-jdk15on\1.64\bcprov-jdk15on-1.64.jar;C:\Users\administrator.VBWR3\.m2\repository\org\slf4j\jcl-over-slf4j\1.7.30\jcl-over-slf4j-1.7.30.jar;C:\Users\administrator.VBWR3\.m2\repository\com\github\docker-java\docker-java-transport-httpclient5\3.2.12\docker-java-transport-httpclient5-3.2.12.jar;C:\Users\administrator.VBWR3\.m2\repository\com\github\docker-java\docker-java-transport\3.2.12\docker-java-transport-3.2.12.jar;C:\Users\administrator.VBWR3\.m2\repository\org\apache\httpcomponents\client5\httpclient5\5.0.3\httpclient5-5.0.3.jar;C:\Users\administrator.VBWR3\.m2\repository\org\apache\httpcomponents\core5\httpcore5\5.0.2\httpcore5-5.0.2.jar;C:\Users\administrator.VBWR3\.m2\repository\net\java\dev\jna\jna\5.8.0\jna-5.8.0.jar;C:\Users\administrator.VBWR3\.m2\repository\org\brotli\dec\0.1.2\dec-0.1.2.jar;C:\Users\administrator.VBWR3\.m2\repository\junit\junit\4.13.2\junit-4.13.2.jar;C:\Users\administrator.VBWR3\.m2\repository\org\hamcrest\hamcrest-core\1.3\hamcrest-core-1.3.jar;C:\Users\administrator.VBWR3\.m2\repository\de\openkeyword\autoit\0.2.44\autoit-0.2.44.jar;C:\Users\administrator.VBWR3\.m2\repository\net\sf\jacob-project\jacob\1.14.3\jacob-1.14.3.jar;C:\Users\administrator.VBWR3\.m2\repository\org\apache\commons\commons-text\1.9\commons-text-1.9.jar;C:\Users\administrator.VBWR3\.m2\repository\org\antlr\antlr4-runtime\4.8\antlr4-runtime-4.8.jar;C:\Users\administrator.VBWR3\.m2\repository\org\antlr\ST4\4.3\ST4-4.3.jar;C:\Users\administrator.VBWR3\.m2\repository\org\antlr\antlr-runtime\3.5.2\antlr-runtime-3.5.2.jar;C:\Users\administrator.VBWR3\.m2\repository\org\junit\jupiter\junit-jupiter-engine\5.6.2\junit-jupiter-engine-5.6.2.jar;C:\Users\administrator.VBWR3\.m2\repository\org\apiguardian\apiguardian-api\1.1.0\apiguardian-api-1.1.0.jar;C:\Users\administrator.VBWR3\.m2\repository\org\junit\platform\junit-platform-engine\1.6.2\junit-platform-engine-1.6.2.jar;C:\Users\administrator.VBWR3\.m2\repository\org\opentest4j\opentest4j\1.2.0\opentest4j-1.2.0.jar;C:\Users\administrator.VBWR3\.m2\repository\org\junit\platform\junit-platform-commons\1.6.2\junit-platform-commons-1.6.2.jar;C:\Users\administrator.VBWR3\.m2\repository\org\junit\jupiter\junit-jupiter-api\5.6.2\junit-jupiter-api-5.6.2.jar;C:\Users\administrator.VBWR3\.m2\repository\com\sun\xml\bind\jaxb-core\3.0.0-M4\jaxb-core-3.0.0-M4.jar;C:\Users\administrator.VBWR3\.m2\repository\jakarta\xml\bind\jakarta.xml.bind-api\3.0.0-RC3\jakarta.xml.bind-api-3.0.0-RC3.jar;C:\Users\administrator.VBWR3\.m2\repository\com\sun\activation\jakarta.activation\2.0.0-RC3\jakarta.activation-2.0.0-RC3.jar;C:\Users\administrator.VBWR3\.m2\repository\javax\xml\bind\jaxb-api\2.3.1\jaxb-api-2.3.1.jar;C:\Users\administrator.VBWR3\.m2\repository\javax\activation\javax.activation-api\1.2.0\javax.activation-api-1.2.0.jar;C:\Users\administrator.VBWR3\.m2\repository\com\sun\xml\bind\jaxb-impl\3.0.0-M4\jaxb-impl-3.0.0-M4.jar;C:\Users\administrator.VBWR3\.m2\repository\com\sun\xml\bind\jaxb-jxc\3.0.0-M4\jaxb-jxc-3.0.0-M4.jar;C:\Users\administrator.VBWR3\.m2\repository\com\sun\xml\bind\jaxb-xjc\3.0.0-M4\jaxb-xjc-3.0.0-M4.jar;"/>
    <property name="sun.cpu.endian" value="little"/>
    <property name="user.home" value="C:\Users\administrator.VBWR3"/>
    <property name="user.language" value="en"/>
    <property name="java.specification.vendor" value="Oracle Corporation"/>
    <property name="java.version.date" value="2021-09-14"/>
    <property name="java.home" value="C:\Program Files\Java\jdk-17"/>
    <property name="file.separator" value="\"/>
    <property name="basedir" value="C:\CWA-Windows-Automation"/>
    <property name="java.vm.compressedOopsMode" value="32-bit"/>
    <property name="line.separator" value="&#10;"/>
    <property name="java.vm.specification.vendor" value="Oracle Corporation"/>
    <property name="java.specification.name" value="Java Platform API Specification"/>
    <property name="surefire.real.class.path" value="C:\Users\ADMINI~1.VBW\AppData\Local\Temp\surefire10825695396744080367\surefirebooter11700431026195625428.jar"/>
    <property name="user.script" value=""/>
    <property name="sun.management.compiler" value="HotSpot 64-Bit Tiered Compilers"/>
    <property name="java.runtime.version" value="17+35-LTS-2724"/>
    <property name="user.name" value="administrator"/>
    <property name="path.separator" value=";"/>
    <property name="os.version" value="10.0"/>
    <property name="java.runtime.name" value="Java(TM) SE Runtime Environment"/>
    <property name="file.encoding" value="Cp1252"/>
    <property name="java.vm.name" value="Java HotSpot(TM) 64-Bit Server VM"/>
    <property name="localRepository" value="C:\Users\administrator.VBWR3\.m2\repository"/>
    <property name="java.vendor.url.bug" value="https://bugreport.java.com/bugreport/"/>
    <property name="java.io.tmpdir" value="C:\Users\ADMINI~1.VBW\AppData\Local\Temp\"/>
    <property name="java.version" value="17"/>
    <property name="user.dir" value="C:\CWA-Windows-Automation"/>
    <property name="os.arch" value="amd64"/>
    <property name="java.vm.specification.name" value="Java Virtual Machine Specification"/>
    <property name="sun.os.patch.level" value=""/>
    <property name="native.encoding" value="Cp1252"/>
    <property name="java.library.path" value="C:\Program Files\Java\jdk-17\bin;C:\Windows\Sun\Java\bin;C:\Windows\system32;C:\Windows;C:\Program Files\Common Files\Oracle\Java\javapath;C:\Python39\Scripts\;C:\Python39\;C:\Windows\system32;C:\Windows;C:\Windows\System32\Wbem;C:\Windows\System32\WindowsPowerShell\v1.0\;C:\Windows\System32\OpenSSH\;C:\Program Files (x86)\Windows Kits\10\Debuggers\x64;C:\Program Files (x86)\Windows Kits\10\Debuggers\x86;C:\Program Files\dotnet\;C:\Program Files (x86)\dotnet\;C:\Program Files\Git\cmd;C:\Drivers;C:\ProgramData\Jenkins\.jenkins\tools\hudson.tasks.Maven_MavenInstallation\MavenInstall\bin;C:\Users\administrator.VBWR3\AppData\Local\Microsoft\WindowsApps;C:\Pycharm\PyCharm Community Edition 2021.1.3\bin;;C:\IntellJ\IntelliJ IDEA Community Edition 2021.1.3\bin;;;."/>
    <property name="java.vm.info" value="mixed mode, sharing"/>
    <property name="java.vendor" value="Oracle Corporation"/>
    <property name="java.vm.version" value="17+35-LTS-2724"/>
    <property name="sun.io.unicode.encoding" value="UnicodeLittle"/>
    <property name="java.class.version" value="61.0"/>
  </properties>
  <testcase name="setUp" classname="tests.AddStore_Test" time="809.691">
    <failure message="Connection refused: no further information&#10;Build info: version: &apos;3.141.59&apos;, revision: &apos;e82be7d358&apos;, time: &apos;2018-11-14T08:17:03&apos;&#10;System info: host: &apos;WIN10EN-CT5UJHL&apos;, ip: &apos;10.150.138.64&apos;, os.name: &apos;Windows 10&apos;, os.arch: &apos;amd64&apos;, os.version: &apos;10.0&apos;, java.version: &apos;17&apos;&#10;Driver info: driver.version: WindowsDriver" type="org.openqa.selenium.WebDriverException">org.openqa.selenium.WebDriverException: 
Connection refused: no further information
Build info: version: '3.141.59', revision: 'e82be7d358', time: '2018-11-14T08:17:03'
System info: host: 'WIN10EN-CT5UJHL', ip: '10.150.138.64', os.name: 'Windows 10', os.arch: 'amd64', os.version: '10.0', java.version: '17'
Driver info: driver.version: WindowsDriver
	at tests.AddStore_Test.setUp(AddStore_Test.java:21)
Caused by: java.net.ConnectException: Connection refused: no further information
	at tests.AddStore_Test.setUp(AddStore_Test.java:21)
</failure>
    <system-out><![CDATA[Branch => Receiver for Windows / master / ICAClientCore > Overview — TeamCity
Build Number => #3840
Build Number and Generated date => #3840 (24 Jun 22 04:07)
Downloading the build....
Downloading the build....
Downloading the build....
Downloading the build....
Downloading the build....
Downloading the build....
Downloading the build....
Downloading the build....
Downloading the build....
Downloading the build....
Downloading the build....
Downloading the build....
Downloading the build....
Downloading the build....
Downloading the build....
Downloading the build....
Downloading the build....
Downloading the build....
Downloading the build....
Successfully Downloaded the build
Installing the build....
Installing the build....
Installation passed
]]></system-out>
    <system-err><![CDATA[SLF4J: Failed to load class "org.slf4j.impl.StaticLoggerBinder".
SLF4J: Defaulting to no-operation (NOP) logger implementation
SLF4J: See http://www.slf4j.org/codes.html#StaticLoggerBinder for further details.
Starting ChromeDriver 102.0.5005.61 (0e59bcc00cc4985ce39ad31c150065f159d95ad3-refs/branch-heads/5005@{#819}) on port 13680
Only local connections are allowed.
Please see https://chromedriver.chromium.org/security-considerations for suggestions on keeping ChromeDriver safe.
ChromeDriver was started successfully.
Jun 25, 2022 4:07:39 PM org.openqa.selenium.remote.ProtocolHandshake createSession
INFO: Detected dialect: W3C
]]></system-err>
  </testcase>
  <testcase name="addStore" classname="tests.AddStore_Test" time="0">
    <skipped message="Connection refused: no further information&#10;Build info: version: &apos;3.141.59&apos;, revision: &apos;e82be7d358&apos;, time: &apos;2018-11-14T08:17:03&apos;&#10;System info: host: &apos;WIN10EN-CT5UJHL&apos;, ip: &apos;10.150.138.64&apos;, os.name: &apos;Windows 10&apos;, os.arch: &apos;amd64&apos;, os.version: &apos;10.0&apos;, java.version: &apos;17&apos;&#10;Driver info: driver.version: WindowsDriver"/>
  </testcase>
  <testcase name="loginTest" classname="tests.OnPrem_Login_Test" time="0">
    <skipped message="Method OnPrem_Login_Test.loginTest()[pri:0, instance:tests.OnPrem_Login_Test@670002] depends on not successfully finished methods in group &quot;add_Store&quot;"/>
  </testcase>
  <testcase name="launchDesktop" classname="tests.App_Desktop_Launch_Tests" time="0">
    <skipped message="Method App_Desktop_Launch_Tests.launchDesktop()[pri:0, instance:tests.App_Desktop_Launch_Tests@1f0f1111] depends on not successfully finished methods in group &quot;login_test&quot;"/>
  </testcase>
  <testcase name="logoffCWAUser" classname="tests.LogOff_Tests" time="0">
    <skipped message="Method LogOff_Tests.logoffCWAUser()[pri:0, instance:tests.LogOff_Tests@49c386c8] depends on not successfully finished methods in group &quot;login_test&quot;"/>
  </testcase>
  <testcase name="launchApp" classname="tests.App_Desktop_Launch_Tests" time="0">
    <skipped message="Method App_Desktop_Launch_Tests.launchApp()[pri:1, instance:tests.App_Desktop_Launch_Tests@1f0f1111] depends on not successfully finished methods in group &quot;login_test&quot;"/>
  </testcase>
  <testcase name="logoffSessions" classname="tests.LogOff_Tests" time="0">
    <skipped message="Method LogOff_Tests.logoffSessions()[pri:0, instance:tests.LogOff_Tests@49c386c8] depends on not successfully finished methods in group &quot;launch_test&quot;"/>
  </testcase>
</testsuite>