<?xml version="1.0" encoding="UTF-8"?>
<!-- Generated by org.testng.reporters.JUnitReportReporter -->
<testsuite hostname="WIN10EN-CT5UJHL" failures="0" tests="2" name="prelaunch.SingleLaunch_Tests" time="156.836" errors="0" timestamp="2022-06-23T17:31:05 SGT" skipped="0">
  <testcase classname="prelaunch.SingleLaunch_Tests" name="launchDesktop" time="92.163"/>
  <system-out/>
  <testcase classname="prelaunch.SingleLaunch_Tests" name="launchApp" time="64.673"/>
  <system-out/>
</testsuite> <!-- prelaunch.SingleLaunch_Tests -->
