<?xml version="1.0" encoding="UTF-8"?>
<!-- Generated by org.testng.reporters.JUnitReportReporter -->
<testsuite hostname="WIN10EN-CT5UJHL" failures="0" tests="1" name="tests.AddStore_Test" time="13.003" errors="0" timestamp="2022-07-16T23:47:13 SGT" skipped="0">
  <testcase classname="tests.AddStore_Test" name="addStore" time="13.003"/>
  <system-out/>
</testsuite> <!-- tests.AddStore_Test -->
