<?xml version="1.0" encoding="UTF-8"?>
<!-- Generated by org.testng.reporters.JUnitReportReporter -->
<testsuite hostname="WIN10EN-CT5UJHL" failures="0" tests="2" name="prelaunch.LogOff_Tests" time="0.000" errors="0" timestamp="2022-06-24T01:36:51 SGT" skipped="2">
  <testcase classname="prelaunch.LogOff_Tests" name="logoffSessions" time="0.000">
    <skipped/>
  </testcase> <!-- logoffSessions -->
  <system-out/>
  <testcase classname="prelaunch.LogOff_Tests" name="logoffCWAUser" time="0.000">
    <skipped/>
  </testcase> <!-- logoffCWAUser -->
  <system-out/>
</testsuite> <!-- prelaunch.LogOff_Tests -->
