<?xml version="1.0" encoding="UTF-8"?>
<!-- Generated by org.testng.reporters.JUnitReportReporter -->
<testsuite hostname="WIN10EN-CT5UJHL" failures="0" tests="1" name="tests.OnPrem_Login_Test" time="0.000" errors="0" timestamp="2022-07-05T22:35:36 SGT" skipped="1">
  <testcase classname="tests.OnPrem_Login_Test" name="loginTest" time="0.000">
    <skipped/>
  </testcase> <!-- loginTest -->
  <system-out/>
</testsuite> <!-- tests.OnPrem_Login_Test -->
