<?xml version="1.0" encoding="UTF-8"?>
<!-- Generated by org.testng.reporters.JUnitReportReporter -->
<testsuite hostname="WIN10EN-CT5UJHL" failures="0" tests="2" name="prelaunch.LogOff_Tests" time="0.016" errors="0" timestamp="2022-06-23T17:31:05 SGT" skipped="0">
  <testcase classname="prelaunch.LogOff_Tests" name="logoffSessions" time="0.007"/>
  <system-out/>
  <testcase classname="prelaunch.LogOff_Tests" name="logoffCWAUser" time="0.009"/>
  <system-out/>
</testsuite> <!-- prelaunch.LogOff_Tests -->
