<?xml version="1.0" encoding="UTF-8"?>
<!-- Generated by org.testng.reporters.JUnitReportReporter -->
<testsuite hostname="WIN10EN-CT5UJHL" failures="0" tests="1" name="tests.AddStore_Test" time="0.000" errors="0" timestamp="2022-07-05T21:00:45 SGT" skipped="1">
  <testcase classname="tests.AddStore_Test" name="addStore" time="0.000">
    <skipped/>
  </testcase> <!-- addStore -->
  <system-out/>
</testsuite> <!-- tests.AddStore_Test -->
