<?xml version="1.0" encoding="UTF-8"?>
<!-- Generated by org.testng.reporters.JUnitReportReporter -->
<testsuite hostname="WIN10EN-CT5UJHL" failures="0" tests="2" name="prelaunch.SingleLaunch_Tests" time="0.000" errors="0" timestamp="2022-06-24T01:36:51 SGT" skipped="2">
  <testcase classname="prelaunch.SingleLaunch_Tests" name="launchDesktop" time="0.000">
    <skipped/>
  </testcase> <!-- launchDesktop -->
  <system-out/>
  <testcase classname="prelaunch.SingleLaunch_Tests" name="launchApp" time="0.000">
    <skipped/>
  </testcase> <!-- launchApp -->
  <system-out/>
</testsuite> <!-- prelaunch.SingleLaunch_Tests -->
