<?xml version="1.0" encoding="UTF-8"?>
<!-- Generated by org.testng.reporters.JUnitReportReporter -->
<testsuite hostname="WIN10EN-CT5UJHL" failures="0" tests="2" name="prelaunch.LogOff_Tests" time="0.006" errors="0" timestamp="2022-06-19T16:40:20 SGT" skipped="0">
  <testcase classname="prelaunch.LogOff_Tests" name="logoffSessions" time="0.006"/>
  <system-out/>
  <testcase classname="prelaunch.LogOff_Tests" name="logoffCWAUser" time="0.000"/>
  <system-out/>
</testsuite> <!-- prelaunch.LogOff_Tests -->
