<?xml version="1.0" encoding="UTF-8"?>
<!-- Generated by org.testng.reporters.JUnitReportReporter -->
<testsuite hostname="WIN10EN-CT5UJHL" failures="0" tests="2" name="prelaunch.AddStore_Login_Tests" time="26.439" errors="0" timestamp="2022-06-23T17:31:05 SGT" skipped="0">
  <testcase classname="prelaunch.AddStore_Login_Tests" name="addStore" time="11.567"/>
  <system-out/>
  <testcase classname="prelaunch.AddStore_Login_Tests" name="loginTest" time="14.872"/>
  <system-out/>
</testsuite> <!-- prelaunch.AddStore_Login_Tests -->
