<?xml version="1.0" encoding="UTF-8"?>
<!-- Generated by org.testng.reporters.JUnitReportReporter -->
<testsuite hostname="WIN10EN-CT5UJHL" failures="0" tests="2" name="tests.App_Desktop_Launch_Tests" time="0.000" errors="0" timestamp="2022-07-05T21:00:45 SGT" skipped="2">
  <testcase classname="tests.App_Desktop_Launch_Tests" name="launchDesktop" time="0.000">
    <skipped/>
  </testcase> <!-- launchDesktop -->
  <system-out/>
  <testcase classname="tests.App_Desktop_Launch_Tests" name="launchApp" time="0.000">
    <skipped/>
  </testcase> <!-- launchApp -->
  <system-out/>
</testsuite> <!-- tests.App_Desktop_Launch_Tests -->
